<?xml version="1.0" encoding="UTF-8"?>
<!-- Generated by org.testng.reporters.JUnitXMLReporter -->
<testsuite ignored="3" hostname="DESKTOP-1I2RTCU" failures="0" tests="1" name="Default test" time="55.379" errors="0" timestamp="2020-11-05T11:45:56 IST">
  <testcase classname="NewFramework.Demoo.PracticesTest" name="attest" time="44.486"/>
  <testcase classname="NewFramework.Demoo.PracticesTest" name="MouseHov" time="0.0">
    <ignored/>
  </testcase> <!-- MouseHov -->
  <testcase classname="NewFramework.Demoo.PracticesTest" name="ISDisplayed" time="0.0">
    <ignored/>
  </testcase> <!-- ISDisplayed -->
  <testcase classname="NewFramework.Demoo.PracticesTest" name="stest" time="0.0">
    <ignored/>
  </testcase> <!-- stest -->
</testsuite> <!-- Default test -->
