<?xml version="1.0" encoding="UTF-8"?>
<!-- Generated by org.testng.reporters.JUnitXMLReporter -->
<testsuite ignored="2" hostname="DESKTOP-1I2RTCU" failures="0" tests="2" name="Test1" time="17.622" errors="0" timestamp="2020-11-05T11:40:52 IST">
  <testcase classname="NewFramework.Demoo.PracticesTest" name="attest" time="8.007"/>
  <testcase classname="NewFramework.Demoo.PracticesTest" name="ISDisplayed" time="0.174"/>
  <testcase classname="NewFramework.Demoo.PracticesTest" name="MouseHov" time="0.0">
    <ignored/>
  </testcase> <!-- MouseHov -->
  <testcase classname="NewFramework.Demoo.PracticesTest" name="stest" time="0.0">
    <ignored/>
  </testcase> <!-- stest -->
</testsuite> <!-- Test1 -->
