<?xml version="1.0" encoding="UTF-8"?>
<testng-results ignored="3" total="4" passed="1" failed="0" skipped="0">
  <reporter-output>
  </reporter-output>
  <suite started-at="2020-11-05T11:45:01 IST" name="Default suite" finished-at="2020-11-05T11:45:56 IST" duration-ms="55379">
    <groups>
    </groups>
    <test started-at="2020-11-05T11:45:01 IST" name="Default test" finished-at="2020-11-05T11:45:56 IST" duration-ms="55379">
      <class name="NewFramework.Demoo.PracticesTest">
        <test-method is-config="true" signature="beforepra()[pri:0, instance:NewFramework.Demoo.PracticesTest@5dd6264]" started-at="2020-11-05T11:45:01 IST" name="beforepra" finished-at="2020-11-05T11:45:11 IST" duration-ms="10736" status="PASS">
          <reporter-output>
          </reporter-output>
        </test-method> <!-- beforepra -->
        <test-method signature="attest()[pri:0, instance:NewFramework.Demoo.PracticesTest@5dd6264]" started-at="2020-11-05T11:45:12 IST" name="attest" finished-at="2020-11-05T11:45:56 IST" duration-ms="44486" status="PASS">
          <reporter-output>
          </reporter-output>
        </test-method> <!-- attest -->
        <test-method is-config="true" signature="close()[pri:0, instance:NewFramework.Demoo.PracticesTest@5dd6264]" started-at="2020-11-05T11:45:56 IST" name="close" finished-at="2020-11-05T11:45:56 IST" duration-ms="99" status="PASS">
          <reporter-output>
          </reporter-output>
        </test-method> <!-- close -->
      </class> <!-- NewFramework.Demoo.PracticesTest -->
    </test> <!-- Default test -->
  </suite> <!-- Default suite -->
</testng-results>
